<?xml version="1.0" encoding="UTF-8"?>
<!-- Generated by org.testng.reporters.JUnitReportReporter -->
<testsuite hostname="jawad" failures="3" tests="21" name="com.TestNG.TestNGDeomo" time="0.080" errors="0" timestamp="2023-03-12T10:32:01 EDT" skipped="3">
  <testcase classname="com.TestNG.TestNGDeomo" name="ramadan" time="0.002">
    <failure message="test case p expected [true] but found [false]" type="java.lang.AssertionError">
      <![CDATA[java.lang.AssertionError: test case p expected [true] but found [false]
at org.testng.Assert.fail(Assert.java:110)
at org.testng.Assert.failNotEquals(Assert.java:1577)
at org.testng.Assert.assertTrue(Assert.java:56)
at com.TestNG.TestNGDeomo.ramadan(TestNGDeomo.java:71)
at java.base/jdk.internal.reflect.DirectMethodHandleAccessor.invoke(DirectMethodHandleAccessor.java:104)
at java.base/java.lang.reflect.Method.invoke(Method.java:578)
at org.testng.internal.invokers.MethodInvocationHelper.invokeMethod(MethodInvocationHelper.java:139)
at org.testng.internal.invokers.TestInvoker.invokeMethod(TestInvoker.java:677)
at org.testng.internal.invokers.TestInvoker.invokeTestMethod(TestInvoker.java:221)
at org.testng.internal.invokers.MethodRunner.runInSequence(MethodRunner.java:50)
at org.testng.internal.invokers.TestInvoker$MethodInvocationAgent.invoke(TestInvoker.java:969)
at org.testng.internal.invokers.TestInvoker.invokeTestMethods(TestInvoker.java:194)
at org.testng.internal.invokers.TestMethodWorker.invokeTestMethods(TestMethodWorker.java:148)
at org.testng.internal.invokers.TestMethodWorker.run(TestMethodWorker.java:128)
at java.base/java.util.ArrayList.forEach(ArrayList.java:1511)
at org.testng.TestRunner.privateRun(TestRunner.java:829)
at org.testng.TestRunner.run(TestRunner.java:602)
at org.testng.SuiteRunner.runTest(SuiteRunner.java:437)
at org.testng.SuiteRunner$SuiteWorker.run(SuiteRunner.java:475)
at org.testng.internal.thread.ThreadUtil.lambda$execute$0(ThreadUtil.java:58)
at java.base/java.util.concurrent.FutureTask.run(FutureTask.java:317)
at java.base/java.util.concurrent.ThreadPoolExecutor.runWorker(ThreadPoolExecutor.java:1144)
at java.base/java.util.concurrent.ThreadPoolExecutor$Worker.run(ThreadPoolExecutor.java:642)
at java.base/java.lang.Thread.run(Thread.java:1589)
]]>
    </failure>
  </testcase> <!-- ramadan -->
  <system-out/>
  <testcase classname="com.TestNG.TestNGDeomo" name="chotaEid" time="0.001">
    <skipped/>
  </testcase> <!-- chotaEid -->
  <system-out/>
  <testcase classname="com.TestNG.TestNGDeomo" name="chotaEid" time="0.002">
    <skipped/>
  </testcase> <!-- chotaEid -->
  <system-out/>
  <testcase classname="com.TestNG.TestNGDeomo" name="ramadan" time="0.004">
    <failure message="test case p expected [true] but found [false]" type="java.lang.AssertionError">
      <![CDATA[java.lang.AssertionError: test case p expected [true] but found [false]
at org.testng.Assert.fail(Assert.java:110)
at org.testng.Assert.failNotEquals(Assert.java:1577)
at org.testng.Assert.assertTrue(Assert.java:56)
at com.TestNG.TestNGDeomo.ramadan(TestNGDeomo.java:71)
at java.base/jdk.internal.reflect.DirectMethodHandleAccessor.invoke(DirectMethodHandleAccessor.java:104)
at java.base/java.lang.reflect.Method.invoke(Method.java:578)
at org.testng.internal.invokers.MethodInvocationHelper.invokeMethod(MethodInvocationHelper.java:139)
at org.testng.internal.invokers.TestInvoker.invokeMethod(TestInvoker.java:677)
at org.testng.internal.invokers.TestInvoker.invokeTestMethod(TestInvoker.java:221)
at org.testng.internal.invokers.MethodRunner.runInSequence(MethodRunner.java:50)
at org.testng.internal.invokers.TestInvoker$MethodInvocationAgent.invoke(TestInvoker.java:969)
at org.testng.internal.invokers.TestInvoker.invokeTestMethods(TestInvoker.java:194)
at org.testng.internal.invokers.TestMethodWorker.invokeTestMethods(TestMethodWorker.java:148)
at org.testng.internal.invokers.TestMethodWorker.run(TestMethodWorker.java:128)
at java.base/java.util.ArrayList.forEach(ArrayList.java:1511)
at org.testng.TestRunner.privateRun(TestRunner.java:829)
at org.testng.TestRunner.run(TestRunner.java:602)
at org.testng.SuiteRunner.runTest(SuiteRunner.java:437)
at org.testng.SuiteRunner$SuiteWorker.run(SuiteRunner.java:475)
at org.testng.internal.thread.ThreadUtil.lambda$execute$0(ThreadUtil.java:58)
at java.base/java.util.concurrent.FutureTask.run(FutureTask.java:317)
at java.base/java.util.concurrent.ThreadPoolExecutor.runWorker(ThreadPoolExecutor.java:1144)
at java.base/java.util.concurrent.ThreadPoolExecutor$Worker.run(ThreadPoolExecutor.java:642)
at java.base/java.lang.Thread.run(Thread.java:1589)
]]>
    </failure>
  </testcase> <!-- ramadan -->
  <system-out/>
  <testcase classname="com.TestNG.TestNGDeomo" name="chotaEid" time="0.001">
    <skipped/>
  </testcase> <!-- chotaEid -->
  <system-out/>
  <testcase classname="com.TestNG.TestNGDeomo" name="ramadan" time="0.033">
    <failure message="test case p expected [true] but found [false]" type="java.lang.AssertionError">
      <![CDATA[java.lang.AssertionError: test case p expected [true] but found [false]
at org.testng.Assert.fail(Assert.java:110)
at org.testng.Assert.failNotEquals(Assert.java:1577)
at org.testng.Assert.assertTrue(Assert.java:56)
at com.TestNG.TestNGDeomo.ramadan(TestNGDeomo.java:71)
at java.base/jdk.internal.reflect.DirectMethodHandleAccessor.invoke(DirectMethodHandleAccessor.java:104)
at java.base/java.lang.reflect.Method.invoke(Method.java:578)
at org.testng.internal.invokers.MethodInvocationHelper.invokeMethod(MethodInvocationHelper.java:139)
at org.testng.internal.invokers.TestInvoker.invokeMethod(TestInvoker.java:677)
at org.testng.internal.invokers.TestInvoker.invokeTestMethod(TestInvoker.java:221)
at org.testng.internal.invokers.MethodRunner.runInSequence(MethodRunner.java:50)
at org.testng.internal.invokers.TestInvoker$MethodInvocationAgent.invoke(TestInvoker.java:969)
at org.testng.internal.invokers.TestInvoker.invokeTestMethods(TestInvoker.java:194)
at org.testng.internal.invokers.TestMethodWorker.invokeTestMethods(TestMethodWorker.java:148)
at org.testng.internal.invokers.TestMethodWorker.run(TestMethodWorker.java:128)
at java.base/java.util.ArrayList.forEach(ArrayList.java:1511)
at org.testng.TestRunner.privateRun(TestRunner.java:829)
at org.testng.TestRunner.run(TestRunner.java:602)
at org.testng.SuiteRunner.runTest(SuiteRunner.java:437)
at org.testng.SuiteRunner$SuiteWorker.run(SuiteRunner.java:475)
at org.testng.internal.thread.ThreadUtil.lambda$execute$0(ThreadUtil.java:58)
at java.base/java.util.concurrent.FutureTask.run(FutureTask.java:317)
at java.base/java.util.concurrent.ThreadPoolExecutor.runWorker(ThreadPoolExecutor.java:1144)
at java.base/java.util.concurrent.ThreadPoolExecutor$Worker.run(ThreadPoolExecutor.java:642)
at java.base/java.lang.Thread.run(Thread.java:1589)
]]>
    </failure>
  </testcase> <!-- ramadan -->
  <system-out/>
  <testcase classname="com.TestNG.TestNGDeomo" name="fajar" time="0.003"/>
  <system-out/>
  <testcase classname="com.TestNG.TestNGDeomo" name="fajar" time="0.003"/>
  <system-out/>
  <testcase classname="com.TestNG.TestNGDeomo" name="fajar" time="0.002"/>
  <system-out/>
  <testcase classname="com.TestNG.TestNGDeomo" name="zuhar" time="0.002"/>
  <system-out/>
  <testcase classname="com.TestNG.TestNGDeomo" name="zuhar" time="0.003"/>
  <system-out/>
  <testcase classname="com.TestNG.TestNGDeomo" name="zuhar" time="0.002"/>
  <system-out/>
  <testcase classname="com.TestNG.TestNGDeomo" name="asar" time="0.003"/>
  <system-out/>
  <testcase classname="com.TestNG.TestNGDeomo" name="asar" time="0.008"/>
  <system-out/>
  <testcase classname="com.TestNG.TestNGDeomo" name="asar" time="0.001"/>
  <system-out/>
  <testcase classname="com.TestNG.TestNGDeomo" name="magrib" time="0.003"/>
  <system-out/>
  <testcase classname="com.TestNG.TestNGDeomo" name="magrib" time="0.002"/>
  <system-out/>
  <testcase classname="com.TestNG.TestNGDeomo" name="magrib" time="0.001"/>
  <system-out/>
  <testcase classname="com.TestNG.TestNGDeomo" name="isha" time="0.002"/>
  <system-out/>
  <testcase classname="com.TestNG.TestNGDeomo" name="isha" time="0.001"/>
  <system-out/>
  <testcase classname="com.TestNG.TestNGDeomo" name="isha" time="0.001"/>
  <system-out/>
</testsuite> <!-- com.TestNG.TestNGDeomo -->
